<?xml version="1.0" encoding="UTF-8"?>
<!-- Generated by org.testng.reporters.JUnitReportReporter -->
<testsuite hostname="ankita" failures="0" tests="1" name="testcaseHealthcare.HomePageTestcasesForHealthcare" time="14.525" errors="0" timestamp="2025-03-20T18:55:52 GMT-12:00" skipped="0">
  <testcase classname="testcaseHealthcare.HomePageTestcasesForHealthcare" name="toverifyCaptureVitials" time="14.525"/>
</testsuite> <!-- testcaseHealthcare.HomePageTestcasesForHealthcare -->
