<?xml version="1.0" encoding="UTF-8"?>
<!-- Generated by org.testng.reporters.JUnitReportReporter -->
<testsuite hostname="ankita" failures="0" tests="1" name="testcaseHealthcare.LoginTestcasesForHealthcare" time="6.491" errors="0" timestamp="2025-03-19T17:23:50 GMT-12:00" skipped="0">
  <testcase classname="testcaseHealthcare.LoginTestcasesForHealthcare" name="login" time="6.491"/>
</testsuite> <!-- testcaseHealthcare.LoginTestcasesForHealthcare -->
