<?xml version="1.0" encoding="UTF-8"?>
<!-- Generated by org.testng.reporters.JUnitReportReporter -->
<testsuite hostname="ankita" failures="0" tests="1" name="testcaseHealthcare.LoginTestcasesForHealthcare" time="14.430" errors="0" timestamp="2025-02-23T12:10:38 IST" skipped="0">
  <testcase classname="testcaseHealthcare.LoginTestcasesForHealthcare" name="login" time="14.430"/>
  <system-out/>
</testsuite> <!-- testcaseHealthcare.LoginTestcasesForHealthcare -->
