<?xml version="1.0" encoding="UTF-8"?>
<!-- Generated by org.testng.reporters.JUnitReportReporter -->
<testsuite hostname="ankita" failures="0" tests="1" name="testcaseHealthcare.ActiveVisitsPageTestcaseForHealthcare" time="10.485" errors="0" timestamp="2025-03-19T18:03:14 GMT-12:00" skipped="0">
  <testcase classname="testcaseHealthcare.ActiveVisitsPageTestcaseForHealthcare" name="toVerifySearchActiveVisitsOfPatients" time="10.485"/>
</testsuite> <!-- testcaseHealthcare.ActiveVisitsPageTestcaseForHealthcare -->
