<?xml version="1.0" encoding="UTF-8"?>
<!-- Generated by org.testng.reporters.JUnitReportReporter -->
<testsuite hostname="ankita" failures="0" tests="1" name="testcaseHealthcare.HomePageTestcasesForHealthcare" time="11.814" errors="0" timestamp="2025-03-08T16:12:27 IST" skipped="0">
  <testcase classname="testcaseHealthcare.HomePageTestcasesForHealthcare" name="registerAPatient" time="11.814"/>
  <system-out/>
</testsuite> <!-- testcaseHealthcare.HomePageTestcasesForHealthcare -->
