<?xml version="1.0" encoding="UTF-8"?>
<!-- Generated by org.testng.reporters.JUnitReportReporter -->
<testsuite hostname="ankita" failures="0" tests="1" name="testcaseHealthcare.CaptureVitalsPageTestcaseForHealthcare" time="17.648" errors="0" timestamp="2025-03-20T19:25:45 GMT-12:00" skipped="0">
  <testcase classname="testcaseHealthcare.CaptureVitalsPageTestcaseForHealthcare" name="toVerifyThatFindAnotherPatientsRecordOrNot" time="17.648"/>
</testsuite> <!-- testcaseHealthcare.CaptureVitalsPageTestcaseForHealthcare -->
